<?xml version="1.0" encoding="UTF-8"?>
<!-- Generated by org.testng.reporters.JUnitReportReporter -->
<testsuite hostname="ATMECSINLT-711" name="com.atmecs.openmrs.testscripts.LoginTest" tests="1" failures="0" timestamp="18 Dec 2020 12:55:54 GMT" time="14.461" errors="0">
  <testcase name="validateAllTheDetailsOfthePatient" time="14.461" classname="com.atmecs.openmrs.testscripts.LoginTest"/>
</testsuite>
